\BOOKMARK [1][-]{section*.1}{\376\377\144\130\211\201}{}% 1
\BOOKMARK [1][-]{section*.2}{\376\377\000A\000b\000s\000t\000r\000a\000c\000t}{}% 2
\BOOKMARK [1][-]{section.1}{\376\377\000L\000a\000T\000e\000X\121\145\225\350\173\200\116\313}{}% 3
\BOOKMARK [2][-]{subsection.1.1}{\376\377\177\026\217\221\163\257\130\203}{section.1}% 4
\BOOKMARK [3][-]{subsubsection.1.1.1}{\376\377\177\026\217\221\126\150}{subsection.1.1}% 5
\BOOKMARK [3][-]{subsubsection.1.1.2}{\376\377\177\026\213\321\126\150}{subsection.1.1}% 6
\BOOKMARK [2][-]{subsection.1.2}{\376\377\134\035\213\325\177\026\213\321}{section.1}% 7
\BOOKMARK [3][-]{subsubsection.1.2.1}{\376\377\000W\000i\000n\000d\000o\000w\000s}{subsection.1.2}% 8
\BOOKMARK [3][-]{subsubsection.1.2.2}{\376\377\000M\000a\000c\000\040\000O\000S\000\040\000X}{subsection.1.2}% 9
\BOOKMARK [3][-]{subsubsection.1.2.3}{\376\377\000L\000i\000n\000u\000x}{subsection.1.2}% 10
\BOOKMARK [2][-]{subsection.1.3}{\376\377\173\200\123\125\153\145\232\244}{section.1}% 11
\BOOKMARK [1][-]{section.2}{\376\377\137\000\131\313\144\260\121\231\213\272\145\207}{}% 12
\BOOKMARK [2][-]{subsection.2.1}{\376\377\133\127\117\123\133\127\123\367\166\204\143\247\122\066}{section.2}% 13
\BOOKMARK [3][-]{subsubsection.2.1.1}{\376\377\133\127\117\123}{subsection.2.1}% 14
\BOOKMARK [3][-]{subsubsection.2.1.2}{\376\377\133\127\123\367}{subsection.2.1}% 15
\BOOKMARK [2][-]{subsection.2.2}{\376\377\126\376\162\107\123\312\210\150\150\074\166\204\131\004\164\006}{section.2}% 16
\BOOKMARK [3][-]{subsubsection.2.2.1}{\376\377\127\050\145\207\150\143\116\055\122\240\121\145\126\376\162\107}{subsection.2.2}% 17
\BOOKMARK [3][-]{subsubsection.2.2.2}{\376\377\127\050\145\207\150\143\116\055\122\240\121\145\210\150\150\074}{subsection.2.2}% 18
\BOOKMARK [2][-]{subsection.2.3}{\376\377\145\160\133\146\121\154\137\017}{section.2}% 19
\BOOKMARK [3][-]{subsubsection.2.3.1}{\376\377\116\000\116\052\173\200\123\125\166\204\117\213\133\120}{subsection.2.3}% 20
\BOOKMARK [2][-]{subsection.2.4}{\376\377\124\110\122\027\116\343\170\001}{section.2}% 21
\BOOKMARK [1][-]{section.3}{\376\377\217\333\226\066\122\237\200\375}{}% 22
\BOOKMARK [2][-]{subsection.3.1}{\376\377\145\207\163\056\173\241\164\006}{section.3}% 23
\BOOKMARK [2][-]{subsection.3.2}{\376\377\217\154\116\072\000W\000o\000r\000d}{section.3}% 24
\BOOKMARK [1][-]{section.4}{\376\377\135\362\167\345\225\356\230\230\124\214\147\052\147\145\123\321\134\125}{}% 25
\BOOKMARK [2][-]{subsection.4.1}{\376\377\135\362\167\345\225\356\230\230}{section.4}% 26
\BOOKMARK [2][-]{subsection.4.2}{\376\377\147\052\147\145\123\321\134\125}{section.4}% 27
\BOOKMARK [2][-]{subsection.4.3}{\376\377\133\230\145\271\213\244\213\301}{section.4}% 28
\BOOKMARK [1][-]{subsection.4.3}{\376\377\123\302\200\003\145\207\163\056}{}% 29
\BOOKMARK [1][-]{section*.10}{\376\377\201\364\214\042}{}% 30
